<?xml version="1.0" encoding="utf-8"?>
<CoverageSession>
  <Summary numSequencePoints="6" visitedSequencePoints="3" numBranchPoints="6" visitedBranchPoints="3" sequenceCoverage="0.5" branchCoverage="0.5" maxCyclomaticComplexity="0" minCyclomaticComplexity="0" visitedClasses="1" numClasses="2" visitedMethods="1" numMethods="2" />
  <Modules>
    <Module hash="3F4CBF17-FC6E-48A6-A549-21C51F4A1554">
      <ModulePath>D:\Code\Github\CoverletCheck\CoverletCheckTests\bin\Debug\netcoreapp2.0\CoverletCheck.dll</ModulePath>
      <ModuleTime>2018-07-06T08:58:57</ModuleTime>
      <ModuleName>CoverletCheck</ModuleName>
      <Files>
        <File uid="1" fullPath="D:\Code\Github\CoverletCheck\CoverletCheck\Program.cs" />
        <File uid="2" fullPath="D:\Code\Github\CoverletCheck\CoverletCheck\TruthTeller.cs" />
      </Files>
      <Classes>
        <Class>
          <Summary numSequencePoints="3" visitedSequencePoints="0" numBranchPoints="0" visitedBranchPoints="0" sequenceCoverage="0" branchCoverage="0" maxCyclomaticComplexity="0" minCyclomaticComplexity="0" visitedClasses="0" numClasses="1" visitedMethods="0" numMethods="1" />
          <FullName>CoverletCheck.Program</FullName>
          <Methods>
            <Method cyclomaticComplexity="0" nPathComplexity="0" sequenceCoverage="0" branchCoverage="0" isConstructor="False" isGetter="False" isSetter="False" isStatic="True">
              <Summary numSequencePoints="3" visitedSequencePoints="0" numBranchPoints="0" visitedBranchPoints="0" sequenceCoverage="0" branchCoverage="0" maxCyclomaticComplexity="0" minCyclomaticComplexity="0" visitedClasses="0" numClasses="0" visitedMethods="0" numMethods="1" />
              <MetadataToken />
              <Name>System.Void CoverletCheck.Program::Main(System.String[])</Name>
              <FileRef uid="1" />
              <SequencePoints>
                <SequencePoint vc="0" upsid="8" ordinal="0" sl="8" sc="1" el="8" ec="2" bec="0" bev="0" fileid="1" />
                <SequencePoint vc="0" upsid="9" ordinal="1" sl="9" sc="1" el="9" ec="2" bec="0" bev="0" fileid="1" />
                <SequencePoint vc="0" upsid="10" ordinal="2" sl="10" sc="1" el="10" ec="2" bec="0" bev="0" fileid="1" />
              </SequencePoints>
              <BranchPoints />
              <MethodPoint vc="0" upsid="0" p8:type="SequencePoint" ordinal="0" offset="0" sc="0" sl="8" ec="1" el="10" bec="0" bev="0" fileid="1" xmlns:p8="xsi" />
            </Method>
          </Methods>
        </Class>
        <Class>
          <Summary numSequencePoints="3" visitedSequencePoints="3" numBranchPoints="0" visitedBranchPoints="0" sequenceCoverage="1" branchCoverage="0" maxCyclomaticComplexity="0" minCyclomaticComplexity="0" visitedClasses="1" numClasses="1" visitedMethods="1" numMethods="1" />
          <FullName>CoverletCheck.TruthTeller</FullName>
          <Methods>
            <Method cyclomaticComplexity="0" nPathComplexity="0" sequenceCoverage="1" branchCoverage="0" isConstructor="False" isGetter="False" isSetter="False" isStatic="True">
              <Summary numSequencePoints="3" visitedSequencePoints="3" numBranchPoints="0" visitedBranchPoints="0" sequenceCoverage="1" branchCoverage="0" maxCyclomaticComplexity="0" minCyclomaticComplexity="0" visitedClasses="0" numClasses="0" visitedMethods="1" numMethods="1" />
              <MetadataToken />
              <Name>System.Boolean CoverletCheck.TruthTeller::TellTruth()</Name>
              <FileRef uid="2" />
              <SequencePoints>
                <SequencePoint vc="1" upsid="6" ordinal="0" sl="6" sc="1" el="6" ec="2" bec="0" bev="0" fileid="2" />
                <SequencePoint vc="1" upsid="7" ordinal="1" sl="7" sc="1" el="7" ec="2" bec="0" bev="0" fileid="2" />
                <SequencePoint vc="1" upsid="8" ordinal="2" sl="8" sc="1" el="8" ec="2" bec="0" bev="0" fileid="2" />
              </SequencePoints>
              <BranchPoints />
              <MethodPoint vc="3" upsid="0" p8:type="SequencePoint" ordinal="0" offset="0" sc="0" sl="6" ec="1" el="8" bec="0" bev="0" fileid="2" xmlns:p8="xsi" />
            </Method>
          </Methods>
        </Class>
      </Classes>
    </Module>
  </Modules>
</CoverageSession>