<?xml version="1.0" encoding="utf-8"?>
<coverage line-rate="0.5" branch-rate="0" version="1.9" timestamp="1552024803" lines-covered="3" lines-valid="6" branches-covered="0" branches-valid="0">
  <sources>
    <source>/home/ansible/CoverletCheck/CoverletCheck/</source>
  </sources>
  <packages>
    <package name="CoverletCheck" line-rate="0.5" branch-rate="0" complexity="0">
      <classes>
        <class name="CoverletCheck.Program" filename="Program.cs" line-rate="0" branch-rate="0" complexity="0">
          <methods>
            <method name="Main" signature="(System.String[])" line-rate="0" branch-rate="0">
              <lines>
                <line number="8" hits="0" branch="False" />
                <line number="9" hits="0" branch="False" />
                <line number="10" hits="0" branch="False" />
              </lines>
            </method>
          </methods>
          <lines>
            <line number="8" hits="0" branch="False" />
            <line number="9" hits="0" branch="False" />
            <line number="10" hits="0" branch="False" />
          </lines>
        </class>
        <class name="CoverletCheck.TruthTeller" filename="TruthTeller.cs" line-rate="1" branch-rate="0" complexity="0">
          <methods>
            <method name="TellTruth" signature="()" line-rate="1" branch-rate="0">
              <lines>
                <line number="6" hits="1" branch="False" />
                <line number="7" hits="1" branch="False" />
                <line number="8" hits="1" branch="False" />
              </lines>
            </method>
          </methods>
          <lines>
            <line number="6" hits="1" branch="False" />
            <line number="7" hits="1" branch="False" />
            <line number="8" hits="1" branch="False" />
          </lines>
        </class>
      </classes>
    </package>
  </packages>
</coverage>